app/build/intermediates/manifest_merge_blame_file/debug/manifest-merger-blame-debug-report.txt
1<?xml version="1.0" encoding="utf-8"?>
2<manifest xmlns:android="http://schemas.android.com/apk/res/android"
3    package="com.platovco.vtb"
4    android:versionCode="1"
5    android:versionName="1.0" >
6
7    <uses-sdk
8        android:minSdkVersion="26"
8-->src\main\AndroidManifest.xml
9        android:targetSdkVersion="33" />
9-->src\main\AndroidManifest.xml
10
11    <uses-permission android:name="android.permission.ACCESS_NETWORK_STATE" />
11-->[com.yandex.android:maps.mobile:4.1.0-lite] AndroidManifest.xml:13:5-79
11-->[com.yandex.android:maps.mobile:4.1.0-lite] AndroidManifest.xml:13:22-76
12    <uses-permission android:name="android.permission.INTERNET" />
12-->[com.yandex.android:maps.mobile:4.1.0-lite] AndroidManifest.xml:14:5-67
12-->[com.yandex.android:maps.mobile:4.1.0-lite] AndroidManifest.xml:14:22-64
13    <uses-permission android:name="android.permission.WRITE_EXTERNAL_STORAGE" />
13-->[com.yandex.android:maps.mobile:4.1.0-lite] AndroidManifest.xml:15:5-81
13-->[com.yandex.android:maps.mobile:4.1.0-lite] AndroidManifest.xml:15:22-78
14    <uses-permission android:name="android.permission.ACCESS_WIFI_STATE" />
14-->[com.yandex.android:maps.mobile:4.1.0-lite] AndroidManifest.xml:16:5-76
14-->[com.yandex.android:maps.mobile:4.1.0-lite] AndroidManifest.xml:16:22-73
15    <uses-permission android:name="android.permission.CHANGE_WIFI_STATE" />
15-->[com.yandex.android:maps.mobile:4.1.0-lite] AndroidManifest.xml:17:5-76
15-->[com.yandex.android:maps.mobile:4.1.0-lite] AndroidManifest.xml:17:22-73
16    <uses-permission android:name="android.permission.ACCESS_FINE_LOCATION" />
16-->[com.yandex.android:maps.mobile:4.1.0-lite] AndroidManifest.xml:18:5-79
16-->[com.yandex.android:maps.mobile:4.1.0-lite] AndroidManifest.xml:18:22-76
17    <uses-permission android:name="android.permission.WAKE_LOCK" />
17-->[com.yandex.android:maps.mobile:4.1.0-lite] AndroidManifest.xml:22:5-68
17-->[com.yandex.android:maps.mobile:4.1.0-lite] AndroidManifest.xml:22:22-65
18    <uses-permission android:name="android.permission.RECEIVE_BOOT_COMPLETED" />
18-->[com.yandex.android:maps.mobile:4.1.0-lite] AndroidManifest.xml:23:5-81
18-->[com.yandex.android:maps.mobile:4.1.0-lite] AndroidManifest.xml:23:22-78
19    <uses-permission android:name="android.permission.READ_EXTERNAL_STORAGE" /> <!-- 用途：精确位置权限 涉及模块：融合定位、室内室外定位、地理围栏、众包、SDM -->
20    <uses-permission android:name="android.permission.ACCESS_COARSE_LOCATION" />
20-->[com.huawei.hms.LocationLiteSdk:core:2.11.0.302] AndroidManifest.xml:14:5-81
20-->[com.huawei.hms.LocationLiteSdk:core:2.11.0.302] AndroidManifest.xml:14:22-78
21
22    <permission
22-->[androidx.core:core:1.9.0] AndroidManifest.xml:22:5-24:47
23        android:name="com.platovco.vtb.DYNAMIC_RECEIVER_NOT_EXPORTED_PERMISSION"
23-->[androidx.core:core:1.9.0] AndroidManifest.xml:23:9-81
24        android:protectionLevel="signature" />
24-->[androidx.core:core:1.9.0] AndroidManifest.xml:24:9-44
25
26    <uses-permission android:name="com.platovco.vtb.DYNAMIC_RECEIVER_NOT_EXPORTED_PERMISSION" /> <!-- Permission will be merged into the manifest of the hosting app. -->
26-->[androidx.core:core:1.9.0] AndroidManifest.xml:26:5-97
26-->[androidx.core:core:1.9.0] AndroidManifest.xml:26:22-94
27    <!-- Is required to launch foreground extraction service for targetSdkVersion 28+. -->
28    <uses-permission android:name="android.permission.FOREGROUND_SERVICE" />
28-->[com.google.android.play:core:1.10.3] AndroidManifest.xml:13:5-77
28-->[com.google.android.play:core:1.10.3] AndroidManifest.xml:13:22-74
29
30    <queries>
30-->[com.huawei.hms:device:6.5.0.300] AndroidManifest.xml:14:5-21:15
31        <intent>
31-->[com.huawei.hms:device:6.5.0.300] AndroidManifest.xml:15:9-17:18
32            <action android:name="com.huawei.hms.core.aidlservice" />
32-->[com.huawei.hms:device:6.5.0.300] AndroidManifest.xml:16:13-70
32-->[com.huawei.hms:device:6.5.0.300] AndroidManifest.xml:16:21-67
33        </intent>
34        <intent>
34-->[com.huawei.hms:device:6.5.0.300] AndroidManifest.xml:18:9-20:18
35            <action android:name="com.huawei.hms.core" />
35-->[com.huawei.hms:device:6.5.0.300] AndroidManifest.xml:19:13-58
35-->[com.huawei.hms:device:6.5.0.300] AndroidManifest.xml:19:21-55
36        </intent>
37    </queries>
38
39    <application
39-->src\main\AndroidManifest.xml:5:5-25:19
40        android:name="com.platovco.vtb.App"
40-->src\main\AndroidManifest.xml:13:9-28
41        android:allowBackup="true"
41-->src\main\AndroidManifest.xml:6:9-35
42        android:appComponentFactory="androidx.core.app.CoreComponentFactory"
42-->[androidx.core:core:1.9.0] AndroidManifest.xml:28:18-86
43        android:dataExtractionRules="@xml/data_extraction_rules"
43-->src\main\AndroidManifest.xml:7:9-65
44        android:debuggable="true"
45        android:extractNativeLibs="false"
46        android:fullBackupContent="@xml/backup_rules"
46-->src\main\AndroidManifest.xml:8:9-54
47        android:icon="@mipmap/ic_launcher"
47-->src\main\AndroidManifest.xml:9:9-43
48        android:label="@string/app_name"
48-->src\main\AndroidManifest.xml:10:9-41
49        android:roundIcon="@mipmap/ic_launcher_round"
49-->src\main\AndroidManifest.xml:11:9-54
50        android:supportsRtl="true"
50-->src\main\AndroidManifest.xml:12:9-35
51        android:testOnly="true"
52        android:theme="@style/AppTheme" >
52-->src\main\AndroidManifest.xml:14:9-40
53        <activity
53-->src\main\AndroidManifest.xml:16:9-24:20
54            android:name="com.platovco.vtb.activities.MainActivity"
54-->src\main\AndroidManifest.xml:17:13-52
55            android:exported="true" >
55-->src\main\AndroidManifest.xml:18:13-36
56            <intent-filter>
56-->src\main\AndroidManifest.xml:19:13-23:29
57                <action android:name="android.intent.action.MAIN" />
57-->src\main\AndroidManifest.xml:20:17-69
57-->src\main\AndroidManifest.xml:20:25-66
58
59                <category android:name="android.intent.category.LAUNCHER" />
59-->src\main\AndroidManifest.xml:22:17-77
59-->src\main\AndroidManifest.xml:22:27-74
60            </intent-filter>
61        </activity>
62
63        <meta-data
63-->[com.yandex.android:maps.mobile:4.1.0-lite] AndroidManifest.xml:26:9-28:38
64            android:name="yandex.maps.runtime.stl.linkage"
64-->[com.yandex.android:maps.mobile:4.1.0-lite] AndroidManifest.xml:27:13-59
65            android:value="static" />
65-->[com.yandex.android:maps.mobile:4.1.0-lite] AndroidManifest.xml:28:13-35
66
67        <service
67-->[com.yandex.android:maps.mobile:4.1.0-lite] AndroidManifest.xml:30:9-33:72
68            android:name="com.evernote.android.job.patched.internal.v21.PlatformJobService"
68-->[com.yandex.android:maps.mobile:4.1.0-lite] AndroidManifest.xml:31:13-92
69            android:exported="false"
69-->[com.yandex.android:maps.mobile:4.1.0-lite] AndroidManifest.xml:32:13-37
70            android:permission="android.permission.BIND_JOB_SERVICE" />
70-->[com.yandex.android:maps.mobile:4.1.0-lite] AndroidManifest.xml:33:13-69
71        <service
71-->[com.yandex.android:maps.mobile:4.1.0-lite] AndroidManifest.xml:34:9-37:72
72            android:name="com.evernote.android.job.patched.internal.v14.PlatformAlarmService"
72-->[com.yandex.android:maps.mobile:4.1.0-lite] AndroidManifest.xml:35:13-94
73            android:exported="false"
73-->[com.yandex.android:maps.mobile:4.1.0-lite] AndroidManifest.xml:36:13-37
74            android:permission="android.permission.BIND_JOB_SERVICE" />
74-->[com.yandex.android:maps.mobile:4.1.0-lite] AndroidManifest.xml:37:13-69
75        <service
75-->[com.yandex.android:maps.mobile:4.1.0-lite] AndroidManifest.xml:38:9-40:40
76            android:name="com.evernote.android.job.patched.internal.v14.PlatformAlarmServiceExact"
76-->[com.yandex.android:maps.mobile:4.1.0-lite] AndroidManifest.xml:39:13-99
77            android:exported="false" />
77-->[com.yandex.android:maps.mobile:4.1.0-lite] AndroidManifest.xml:40:13-37
78
79        <receiver
79-->[com.yandex.android:maps.mobile:4.1.0-lite] AndroidManifest.xml:42:9-51:20
80            android:name="com.evernote.android.job.patched.internal.v14.PlatformAlarmReceiver"
80-->[com.yandex.android:maps.mobile:4.1.0-lite] AndroidManifest.xml:43:13-95
81            android:exported="false" >
81-->[com.yandex.android:maps.mobile:4.1.0-lite] AndroidManifest.xml:44:13-37
82            <intent-filter>
82-->[com.yandex.android:maps.mobile:4.1.0-lite] AndroidManifest.xml:45:13-50:29
83
84                <!-- Keep the filter for legacy intents -->
85                <action android:name="com.evernote.android.job.patched.internal.v14.RUN_JOB" />
85-->[com.yandex.android:maps.mobile:4.1.0-lite] AndroidManifest.xml:48:17-96
85-->[com.yandex.android:maps.mobile:4.1.0-lite] AndroidManifest.xml:48:25-93
86                <action android:name="net.vrallev.android.job.v14.RUN_JOB" />
86-->[com.yandex.android:maps.mobile:4.1.0-lite] AndroidManifest.xml:49:17-78
86-->[com.yandex.android:maps.mobile:4.1.0-lite] AndroidManifest.xml:49:25-75
87            </intent-filter>
88        </receiver>
89        <receiver
89-->[com.yandex.android:maps.mobile:4.1.0-lite] AndroidManifest.xml:52:9-61:20
90            android:name="com.evernote.android.job.patched.internal.JobBootReceiver"
90-->[com.yandex.android:maps.mobile:4.1.0-lite] AndroidManifest.xml:53:13-85
91            android:exported="false" >
91-->[com.yandex.android:maps.mobile:4.1.0-lite] AndroidManifest.xml:54:13-37
92            <intent-filter>
92-->[com.yandex.android:maps.mobile:4.1.0-lite] AndroidManifest.xml:55:13-60:29
93                <action android:name="android.intent.action.BOOT_COMPLETED" />
93-->[com.yandex.android:maps.mobile:4.1.0-lite] AndroidManifest.xml:56:17-79
93-->[com.yandex.android:maps.mobile:4.1.0-lite] AndroidManifest.xml:56:25-76
94                <action android:name="android.intent.action.QUICKBOOT_POWERON" />
94-->[com.yandex.android:maps.mobile:4.1.0-lite] AndroidManifest.xml:57:17-82
94-->[com.yandex.android:maps.mobile:4.1.0-lite] AndroidManifest.xml:57:25-79
95                <action android:name="com.htc.intent.action.QUICKBOOT_POWERON" />
95-->[com.yandex.android:maps.mobile:4.1.0-lite] AndroidManifest.xml:58:17-82
95-->[com.yandex.android:maps.mobile:4.1.0-lite] AndroidManifest.xml:58:25-79
96                <action android:name="android.intent.action.MY_PACKAGE_REPLACED" />
96-->[com.yandex.android:maps.mobile:4.1.0-lite] AndroidManifest.xml:59:17-84
96-->[com.yandex.android:maps.mobile:4.1.0-lite] AndroidManifest.xml:59:25-81
97            </intent-filter>
98        </receiver>
99
100        <service
100-->[com.yandex.android:maps.mobile:4.1.0-lite] AndroidManifest.xml:63:9-66:72
101            android:name="com.evernote.android.job.patched.internal.JobRescheduleService"
101-->[com.yandex.android:maps.mobile:4.1.0-lite] AndroidManifest.xml:64:13-90
102            android:exported="false"
102-->[com.yandex.android:maps.mobile:4.1.0-lite] AndroidManifest.xml:65:13-37
103            android:permission="android.permission.BIND_JOB_SERVICE" />
103-->[com.yandex.android:maps.mobile:4.1.0-lite] AndroidManifest.xml:66:13-69
104        <service
104-->[com.yandex.android:maps.mobile:4.1.0-lite] AndroidManifest.xml:67:9-70:72
105            android:name="com.yandex.runtime.connectivity.internal.ConnectivityService"
105-->[com.yandex.android:maps.mobile:4.1.0-lite] AndroidManifest.xml:68:13-88
106            android:exported="true"
106-->[com.yandex.android:maps.mobile:4.1.0-lite] AndroidManifest.xml:69:13-36
107            android:permission="android.permission.BIND_JOB_SERVICE" />
107-->[com.yandex.android:maps.mobile:4.1.0-lite] AndroidManifest.xml:70:13-69
108
109        <activity
109-->[com.google.android.gms:play-services-base:17.0.0] AndroidManifest.xml:23:9-26:75
110            android:name="com.google.android.gms.common.api.GoogleApiActivity"
110-->[com.google.android.gms:play-services-base:17.0.0] AndroidManifest.xml:24:13-79
111            android:exported="false"
111-->[com.google.android.gms:play-services-base:17.0.0] AndroidManifest.xml:25:13-37
112            android:theme="@android:style/Theme.Translucent.NoTitleBar" />
112-->[com.google.android.gms:play-services-base:17.0.0] AndroidManifest.xml:26:13-72
113
114        <meta-data
114-->[com.google.android.gms:play-services-basement:17.0.0] AndroidManifest.xml:23:9-25:69
115            android:name="com.google.android.gms.version"
115-->[com.google.android.gms:play-services-basement:17.0.0] AndroidManifest.xml:24:13-58
116            android:value="@integer/google_play_services_version" />
116-->[com.google.android.gms:play-services-basement:17.0.0] AndroidManifest.xml:25:13-66
117
118        <provider
118-->[androidx.emoji2:emoji2:1.2.0] AndroidManifest.xml:24:9-32:20
119            android:name="androidx.startup.InitializationProvider"
119-->[androidx.emoji2:emoji2:1.2.0] AndroidManifest.xml:25:13-67
120            android:authorities="com.platovco.vtb.androidx-startup"
120-->[androidx.emoji2:emoji2:1.2.0] AndroidManifest.xml:26:13-68
121            android:exported="false" >
121-->[androidx.emoji2:emoji2:1.2.0] AndroidManifest.xml:27:13-37
122            <meta-data
122-->[androidx.emoji2:emoji2:1.2.0] AndroidManifest.xml:29:13-31:52
123                android:name="androidx.emoji2.text.EmojiCompatInitializer"
123-->[androidx.emoji2:emoji2:1.2.0] AndroidManifest.xml:30:17-75
124                android:value="androidx.startup" />
124-->[androidx.emoji2:emoji2:1.2.0] AndroidManifest.xml:31:17-49
125            <meta-data
125-->[androidx.lifecycle:lifecycle-process:2.6.2] AndroidManifest.xml:29:13-31:52
126                android:name="androidx.lifecycle.ProcessLifecycleInitializer"
126-->[androidx.lifecycle:lifecycle-process:2.6.2] AndroidManifest.xml:30:17-78
127                android:value="androidx.startup" />
127-->[androidx.lifecycle:lifecycle-process:2.6.2] AndroidManifest.xml:31:17-49
128            <meta-data
128-->[androidx.profileinstaller:profileinstaller:1.3.0] AndroidManifest.xml:29:13-31:52
129                android:name="androidx.profileinstaller.ProfileInstallerInitializer"
129-->[androidx.profileinstaller:profileinstaller:1.3.0] AndroidManifest.xml:30:17-85
130                android:value="androidx.startup" />
130-->[androidx.profileinstaller:profileinstaller:1.3.0] AndroidManifest.xml:31:17-49
131        </provider> <!-- 声明Kit SDK的名称和版本号 -->
132        <!-- Declare the SDK name and version -->
133        <meta-data
133-->[com.huawei.hms:location:6.11.0.301] AndroidManifest.xml:15:9-17:51
134            android:name="com.huawei.hms.client.service.name:location"
134-->[com.huawei.hms:location:6.11.0.301] AndroidManifest.xml:16:13-71
135            android:value="location:6.11.0.301" /> <!-- 声明对Kit服务依赖的最低API Level -->
135-->[com.huawei.hms:location:6.11.0.301] AndroidManifest.xml:17:13-48
136        <!-- Declare minSdkVersion required for using the kit -->
137        <meta-data
137-->[com.huawei.hms:location:6.11.0.301] AndroidManifest.xml:20:9-22:33
138            android:name="com.huawei.hms.min_api_level:location:location"
138-->[com.huawei.hms:location:6.11.0.301] AndroidManifest.xml:21:13-74
139            android:value="1" /> <!-- 关掉打点上报初始化 -->
139-->[com.huawei.hms:location:6.11.0.301] AndroidManifest.xml:22:13-30
140        <!-- Disable reporting of O&M logs -->
141        <meta-data
141-->[com.huawei.hms:location:6.11.0.301] AndroidManifest.xml:25:9-27:36
142            android:name="com.huawei.hms.client.bi.setting"
142-->[com.huawei.hms:location:6.11.0.301] AndroidManifest.xml:26:13-60
143            android:value="true" />
143-->[com.huawei.hms:location:6.11.0.301] AndroidManifest.xml:27:13-33
144        <meta-data
144-->[com.huawei.hms.LocationLiteSdk:core:2.11.0.302] AndroidManifest.xml:20:9-22:33
145            android:name="com.huawei.hms.min_api_level:com.huawei.hms:location:location"
145-->[com.huawei.hms.LocationLiteSdk:core:2.11.0.302] AndroidManifest.xml:21:13-89
146            android:value="1" />
146-->[com.huawei.hms.LocationLiteSdk:core:2.11.0.302] AndroidManifest.xml:22:13-30
147
148        <uses-library
148-->[androidx.window:window:1.0.0] AndroidManifest.xml:25:9-27:40
149            android:name="androidx.window.extensions"
149-->[androidx.window:window:1.0.0] AndroidManifest.xml:26:13-54
150            android:required="false" />
150-->[androidx.window:window:1.0.0] AndroidManifest.xml:27:13-37
151        <uses-library
151-->[androidx.window:window:1.0.0] AndroidManifest.xml:28:9-30:40
152            android:name="androidx.window.sidecar"
152-->[androidx.window:window:1.0.0] AndroidManifest.xml:29:13-51
153            android:required="false" />
153-->[androidx.window:window:1.0.0] AndroidManifest.xml:30:13-37
154
155        <receiver
155-->[androidx.profileinstaller:profileinstaller:1.3.0] AndroidManifest.xml:34:9-52:20
156            android:name="androidx.profileinstaller.ProfileInstallReceiver"
156-->[androidx.profileinstaller:profileinstaller:1.3.0] AndroidManifest.xml:35:13-76
157            android:directBootAware="false"
157-->[androidx.profileinstaller:profileinstaller:1.3.0] AndroidManifest.xml:36:13-44
158            android:enabled="true"
158-->[androidx.profileinstaller:profileinstaller:1.3.0] AndroidManifest.xml:37:13-35
159            android:exported="true"
159-->[androidx.profileinstaller:profileinstaller:1.3.0] AndroidManifest.xml:38:13-36
160            android:permission="android.permission.DUMP" >
160-->[androidx.profileinstaller:profileinstaller:1.3.0] AndroidManifest.xml:39:13-57
161            <intent-filter>
161-->[androidx.profileinstaller:profileinstaller:1.3.0] AndroidManifest.xml:40:13-42:29
162                <action android:name="androidx.profileinstaller.action.INSTALL_PROFILE" />
162-->[androidx.profileinstaller:profileinstaller:1.3.0] AndroidManifest.xml:41:17-91
162-->[androidx.profileinstaller:profileinstaller:1.3.0] AndroidManifest.xml:41:25-88
163            </intent-filter>
164            <intent-filter>
164-->[androidx.profileinstaller:profileinstaller:1.3.0] AndroidManifest.xml:43:13-45:29
165                <action android:name="androidx.profileinstaller.action.SKIP_FILE" />
165-->[androidx.profileinstaller:profileinstaller:1.3.0] AndroidManifest.xml:44:17-85
165-->[androidx.profileinstaller:profileinstaller:1.3.0] AndroidManifest.xml:44:25-82
166            </intent-filter>
167            <intent-filter>
167-->[androidx.profileinstaller:profileinstaller:1.3.0] AndroidManifest.xml:46:13-48:29
168                <action android:name="androidx.profileinstaller.action.SAVE_PROFILE" />
168-->[androidx.profileinstaller:profileinstaller:1.3.0] AndroidManifest.xml:47:17-88
168-->[androidx.profileinstaller:profileinstaller:1.3.0] AndroidManifest.xml:47:25-85
169            </intent-filter>
170            <intent-filter>
170-->[androidx.profileinstaller:profileinstaller:1.3.0] AndroidManifest.xml:49:13-51:29
171                <action android:name="androidx.profileinstaller.action.BENCHMARK_OPERATION" />
171-->[androidx.profileinstaller:profileinstaller:1.3.0] AndroidManifest.xml:50:17-95
171-->[androidx.profileinstaller:profileinstaller:1.3.0] AndroidManifest.xml:50:25-92
172            </intent-filter>
173        </receiver> <!-- 为后续统计第三方app集成了哪些Kit，因此需要Kit在自己的AndroidManifest.xml文件中定义业务标签元数据 -->
174        <meta-data
174-->[com.huawei.hms:base:6.5.0.300] AndroidManifest.xml:15:9-17:46
175            android:name="com.huawei.hms.client.service.name:base"
175-->[com.huawei.hms:base:6.5.0.300] AndroidManifest.xml:16:13-67
176            android:value="base:6.5.0.300" /> <!-- SDK依赖的HMSCore的最低api level元数据 -->
176-->[com.huawei.hms:base:6.5.0.300] AndroidManifest.xml:17:13-43
177        <meta-data
177-->[com.huawei.hms:base:6.5.0.300] AndroidManifest.xml:20:9-22:33
178            android:name="com.huawei.hms.min_api_level:base:hmscore"
178-->[com.huawei.hms:base:6.5.0.300] AndroidManifest.xml:21:13-69
179            android:value="1" /> <!-- The activities will be merged into the manifest of the hosting app. -->
179-->[com.huawei.hms:base:6.5.0.300] AndroidManifest.xml:22:13-30
180        <activity
180-->[com.google.android.play:core:1.10.3] AndroidManifest.xml:18:9-24:45
181            android:name="com.google.android.play.core.missingsplits.PlayCoreMissingSplitsActivity"
181-->[com.google.android.play:core:1.10.3] AndroidManifest.xml:19:13-100
182            android:enabled="false"
182-->[com.google.android.play:core:1.10.3] AndroidManifest.xml:20:13-36
183            android:exported="false"
183-->[com.google.android.play:core:1.10.3] AndroidManifest.xml:21:13-37
184            android:launchMode="singleInstance"
184-->[com.google.android.play:core:1.10.3] AndroidManifest.xml:22:13-48
185            android:process=":playcore_missing_splits_activity"
185-->[com.google.android.play:core:1.10.3] AndroidManifest.xml:23:13-64
186            android:stateNotNeeded="true" />
186-->[com.google.android.play:core:1.10.3] AndroidManifest.xml:24:13-42
187        <activity
187-->[com.google.android.play:core:1.10.3] AndroidManifest.xml:25:9-29:65
188            android:name="com.google.android.play.core.common.PlayCoreDialogWrapperActivity"
188-->[com.google.android.play:core:1.10.3] AndroidManifest.xml:26:13-93
189            android:exported="false"
189-->[com.google.android.play:core:1.10.3] AndroidManifest.xml:27:13-37
190            android:stateNotNeeded="true"
190-->[com.google.android.play:core:1.10.3] AndroidManifest.xml:28:13-42
191            android:theme="@style/Theme.PlayCore.Transparent" /> <!-- The services will be merged into the manifest of the hosting app. -->
191-->[com.google.android.play:core:1.10.3] AndroidManifest.xml:29:13-62
192        <service
192-->[com.google.android.play:core:1.10.3] AndroidManifest.xml:32:9-39:19
193            android:name="com.google.android.play.core.assetpacks.AssetPackExtractionService"
193-->[com.google.android.play:core:1.10.3] AndroidManifest.xml:33:13-94
194            android:enabled="false"
194-->[com.google.android.play:core:1.10.3] AndroidManifest.xml:34:13-36
195            android:exported="true" >
195-->[com.google.android.play:core:1.10.3] AndroidManifest.xml:35:13-36
196            <meta-data
196-->[com.google.android.play:core:1.10.3] AndroidManifest.xml:36:13-38:41
197                android:name="com.google.android.play.core.assetpacks.versionCode"
197-->[com.google.android.play:core:1.10.3] AndroidManifest.xml:37:17-83
198                android:value="11003" />
198-->[com.google.android.play:core:1.10.3] AndroidManifest.xml:38:17-38
199        </service>
200        <service
200-->[com.google.android.play:core:1.10.3] AndroidManifest.xml:40:9-43:40
201            android:name="com.google.android.play.core.assetpacks.ExtractionForegroundService"
201-->[com.google.android.play:core:1.10.3] AndroidManifest.xml:41:13-95
202            android:enabled="false"
202-->[com.google.android.play:core:1.10.3] AndroidManifest.xml:42:13-36
203            android:exported="false" /> <!-- 用于判断是否集成了本lib -->
203-->[com.google.android.play:core:1.10.3] AndroidManifest.xml:43:13-37
204        <meta-data
204-->[com.huawei.hms:availableupdate:6.5.0.300] AndroidManifest.xml:17:9-19:35
205            android:name="availableLoaded"
205-->[com.huawei.hms:availableupdate:6.5.0.300] AndroidManifest.xml:18:13-43
206            android:value="yes" />
206-->[com.huawei.hms:availableupdate:6.5.0.300] AndroidManifest.xml:19:13-32
207
208        <activity
208-->[com.huawei.hms:ui:6.5.0.300] AndroidManifest.xml:10:9-21:20
209            android:name="com.huawei.hms.activity.BridgeActivity"
209-->[com.huawei.hms:ui:6.5.0.300] AndroidManifest.xml:11:13-66
210            android:configChanges="orientation|locale|layoutDirection|fontScale|screenSize|smallestScreenSize|screenLayout|uiMode"
210-->[com.huawei.hms:ui:6.5.0.300] AndroidManifest.xml:12:13-131
211            android:excludeFromRecents="true"
211-->[com.huawei.hms:ui:6.5.0.300] AndroidManifest.xml:13:13-46
212            android:exported="false"
212-->[com.huawei.hms:ui:6.5.0.300] AndroidManifest.xml:14:13-37
213            android:hardwareAccelerated="true"
213-->[com.huawei.hms:ui:6.5.0.300] AndroidManifest.xml:15:13-47
214            android:screenOrientation="behind"
214-->[com.huawei.hms:ui:6.5.0.300] AndroidManifest.xml:16:13-47
215            android:theme="@style/Base_Translucent" >
215-->[com.huawei.hms:ui:6.5.0.300] AndroidManifest.xml:17:13-52
216            <meta-data
216-->[com.huawei.hms:ui:6.5.0.300] AndroidManifest.xml:18:13-20:77
217                android:name="hwc-theme"
217-->[com.huawei.hms:ui:6.5.0.300] AndroidManifest.xml:19:17-41
218                android:value="androidhwext:style/Theme.Emui.Translucent" />
218-->[com.huawei.hms:ui:6.5.0.300] AndroidManifest.xml:20:17-74
219        </activity>
220        <activity
220-->[com.huawei.hms:ui:6.5.0.300] AndroidManifest.xml:22:9-26:20
221            android:name="com.huawei.hms.activity.EnableServiceActivity"
221-->[com.huawei.hms:ui:6.5.0.300] AndroidManifest.xml:23:13-73
222            android:configChanges="orientation|keyboardHidden|screenSize|smallestScreenSize|screenLayout"
222-->[com.huawei.hms:ui:6.5.0.300] AndroidManifest.xml:24:13-106
223            android:exported="false" >
223-->[com.huawei.hms:ui:6.5.0.300] AndroidManifest.xml:25:13-37
224        </activity>
225
226        <provider
226-->[com.huawei.agconnect:agconnect-core:1.6.5.300] AndroidManifest.xml:11:9-14:40
227            android:name="com.huawei.agconnect.core.provider.AGConnectInitializeProvider"
227-->[com.huawei.agconnect:agconnect-core:1.6.5.300] AndroidManifest.xml:12:13-90
228            android:authorities="com.platovco.vtb.AGCInitializeProvider"
228-->[com.huawei.agconnect:agconnect-core:1.6.5.300] AndroidManifest.xml:13:13-73
229            android:exported="false" />
229-->[com.huawei.agconnect:agconnect-core:1.6.5.300] AndroidManifest.xml:14:13-37
230
231        <service
231-->[com.huawei.agconnect:agconnect-core:1.6.5.300] AndroidManifest.xml:16:9-18:40
232            android:name="com.huawei.agconnect.core.ServiceDiscovery"
232-->[com.huawei.agconnect:agconnect-core:1.6.5.300] AndroidManifest.xml:17:13-70
233            android:exported="false" />
233-->[com.huawei.agconnect:agconnect-core:1.6.5.300] AndroidManifest.xml:18:13-37
234    </application>
235
236</manifest>